<?xml version="1.0" encoding="UTF-8"?>
<testsuites name="Mocha Tests" time="91.993" tests="4" failures="0">
  <testsuite name="Root Suite" timestamp="2019-01-19T20:41:21" tests="0" failures="0" time="0">
  </testsuite>
  <testsuite name="sample scenario" timestamp="2019-01-19T20:41:31" tests="4" file="/Users/eljo/Desktop/Projects/Mobile/PLUGINS/nativescript-multi-select/demo/e2e/sample.e2e-spec.js" failures="0" time="91.993">
    <testcase name="sample scenario should launch the multi select dialog" time="11.075" classname="should launch the multi select dialog">
    </testcase>
    <testcase name="sample scenario should select c item and click confirm" time="21.465" classname="should select c item and click confirm">
    </testcase>
    <testcase name="sample scenario should remove a item and click confirm" time="24.452" classname="should remove a item and click confirm">
    </testcase>
    <testcase name="sample scenario should cancel selection" time="35.001" classname="should cancel selection">
    </testcase>
  </testsuite>
</testsuites>